{"@timestamp":"2024-09-26T21:16:11.5281709+05:30","logger_name":"com.ecom.prodcut.ProductServiceApplication","level":"INFO","message":"Starting ProductServiceApplication using Java 17.0.11 with PID 1148 (E:\\CV2_Project\\product-service\\target\\classes started by HP in E:\\CV2_Project\\product-service)"}
{"@timestamp":"2024-09-26T21:16:11.5550421+05:30","logger_name":"com.ecom.prodcut.ProductServiceApplication","level":"INFO","message":"No active profile set, falling back to 1 default profile: \"default\""}
{"@timestamp":"2024-09-26T21:16:16.1454522+05:30","logger_name":"org.springframework.data.repository.config.RepositoryConfigurationDelegate","level":"INFO","message":"Bootstrapping Spring Data JPA repositories in DEFAULT mode."}
{"@timestamp":"2024-09-26T21:16:16.3289291+05:30","logger_name":"org.springframework.data.repository.config.RepositoryConfigurationDelegate","level":"INFO","message":"Finished Spring Data repository scanning in 152 ms. Found 1 JPA repository interface."}
{"@timestamp":"2024-09-26T21:16:18.2442326+05:30","logger_name":"org.springframework.boot.web.embedded.tomcat.TomcatWebServer","level":"INFO","message":"Tomcat initialized with port 8080 (http)"}
{"@timestamp":"2024-09-26T21:16:18.2712162+05:30","logger_name":"org.apache.coyote.http11.Http11NioProtocol","level":"INFO","message":"Initializing ProtocolHandler [\"http-nio-8080\"]"}
{"@timestamp":"2024-09-26T21:16:18.2806726+05:30","logger_name":"org.apache.catalina.core.StandardService","level":"INFO","message":"Starting service [Tomcat]"}
{"@timestamp":"2024-09-26T21:16:18.2831279+05:30","logger_name":"org.apache.catalina.core.StandardEngine","level":"INFO","message":"Starting Servlet engine: [Apache Tomcat/10.1.30]"}
{"@timestamp":"2024-09-26T21:16:18.4257446+05:30","logger_name":"org.apache.catalina.core.ContainerBase.[Tomcat].[localhost].[/]","level":"INFO","message":"Initializing Spring embedded WebApplicationContext"}
{"@timestamp":"2024-09-26T21:16:18.4267601+05:30","logger_name":"org.springframework.boot.web.servlet.context.ServletWebServerApplicationContext","level":"INFO","message":"Root WebApplicationContext: initialization completed in 6640 ms"}
{"@timestamp":"2024-09-26T21:16:19.6325845+05:30","logger_name":"org.hibernate.jpa.internal.util.LogHelper","level":"INFO","message":"HHH000204: Processing PersistenceUnitInfo [name: default]"}
{"@timestamp":"2024-09-26T21:16:19.8016778+05:30","logger_name":"org.hibernate.Version","level":"INFO","message":"HHH000412: Hibernate ORM core version 6.5.3.Final"}
{"@timestamp":"2024-09-26T21:16:19.9242882+05:30","logger_name":"org.hibernate.cache.internal.RegionFactoryInitiator","level":"INFO","message":"HHH000026: Second-level cache disabled"}
{"@timestamp":"2024-09-26T21:16:21.2211908+05:30","logger_name":"org.springframework.orm.jpa.persistenceunit.SpringPersistenceUnitInfo","level":"INFO","message":"No LoadTimeWeaver setup: ignoring JPA class transformer"}
{"@timestamp":"2024-09-26T21:16:21.339973+05:30","logger_name":"com.zaxxer.hikari.HikariDataSource","level":"INFO","message":"HikariPool-1 - Starting..."}
{"@timestamp":"2024-09-26T21:16:23.0013016+05:30","logger_name":"com.zaxxer.hikari.pool.HikariPool","level":"INFO","message":"HikariPool-1 - Added connection com.mysql.cj.jdbc.ConnectionImpl@7352418c"}
{"@timestamp":"2024-09-26T21:16:23.0085858+05:30","logger_name":"com.zaxxer.hikari.HikariDataSource","level":"INFO","message":"HikariPool-1 - Start completed."}
{"@timestamp":"2024-09-26T21:16:23.4528818+05:30","logger_name":"org.hibernate.orm.deprecation","level":"WARN","message":"HHH90000025: MySQL8Dialect does not need to be specified explicitly using 'hibernate.dialect' (remove the property setting and it will be selected by default)"}
{"@timestamp":"2024-09-26T21:16:23.4548764+05:30","logger_name":"org.hibernate.orm.deprecation","level":"WARN","message":"HHH90000026: MySQL8Dialect has been deprecated; use org.hibernate.dialect.MySQLDialect instead"}
{"@timestamp":"2024-09-26T21:16:26.7648408+05:30","logger_name":"org.hibernate.engine.transaction.jta.platform.internal.JtaPlatformInitiator","level":"INFO","message":"HHH000489: No JTA platform available (set 'hibernate.transaction.jta.platform' to enable JTA platform integration)"}
{"@timestamp":"2024-09-26T21:16:27.2912259+05:30","logger_name":"org.springframework.orm.jpa.LocalContainerEntityManagerFactoryBean","level":"INFO","message":"Initialized JPA EntityManagerFactory for persistence unit 'default'"}
{"@timestamp":"2024-09-26T21:16:29.161037+05:30","logger_name":"org.springframework.boot.autoconfigure.orm.jpa.JpaBaseConfiguration$JpaWebConfiguration","level":"WARN","message":"spring.jpa.open-in-view is enabled by default. Therefore, database queries may be performed during view rendering. Explicitly configure spring.jpa.open-in-view to disable this warning"}
{"@timestamp":"2024-09-26T21:16:32.6030895+05:30","logger_name":"org.springframework.boot.actuate.endpoint.web.EndpointLinksResolver","level":"INFO","message":"Exposing 14 endpoints beneath base path '/check'"}
{"@timestamp":"2024-09-26T21:16:32.8743634+05:30","logger_name":"org.apache.coyote.http11.Http11NioProtocol","level":"INFO","message":"Starting ProtocolHandler [\"http-nio-8080\"]"}
{"@timestamp":"2024-09-26T21:16:32.9611319+05:30","logger_name":"org.springframework.boot.web.embedded.tomcat.TomcatWebServer","level":"INFO","message":"Tomcat started on port 8080 (http) with context path '/'"}
{"@timestamp":"2024-09-26T21:16:33.0040177+05:30","logger_name":"com.ecom.prodcut.ProductServiceApplication","level":"INFO","message":"Started ProductServiceApplication in 26.517 seconds (process running for 28.547)"}
{"@timestamp":"2024-09-26T21:16:36.2898377+05:30","logger_name":"org.apache.catalina.core.ContainerBase.[Tomcat].[localhost].[/]","level":"INFO","message":"Initializing Spring DispatcherServlet 'dispatcherServlet'"}
{"@timestamp":"2024-09-26T21:16:36.29183+05:30","logger_name":"org.springframework.web.servlet.DispatcherServlet","level":"INFO","message":"Initializing Servlet 'dispatcherServlet'"}
{"@timestamp":"2024-09-26T21:16:36.2988161+05:30","logger_name":"org.springframework.web.servlet.DispatcherServlet","level":"INFO","message":"Completed initialization in 6 ms"}
