{"@timestamp":"2024-09-26T18:36:12.3518262+05:30","logger_name":"com.ecom.prodcut.ProductServiceApplication","level":"INFO","message":"Starting ProductServiceApplication using Java 17.0.11 with PID 10360 (E:\\CV2_Project\\product-service\\target\\classes started by HP in E:\\CV2_Project\\product-service)"}
{"@timestamp":"2024-09-26T18:36:12.3948262+05:30","logger_name":"com.ecom.prodcut.ProductServiceApplication","level":"INFO","message":"No active profile set, falling back to 1 default profile: \"default\""}
{"@timestamp":"2024-09-26T18:36:14.1619752+05:30","logger_name":"org.springframework.data.repository.config.RepositoryConfigurationDelegate","level":"INFO","message":"Bootstrapping Spring Data JPA repositories in DEFAULT mode."}
{"@timestamp":"2024-09-26T18:36:14.264701+05:30","logger_name":"org.springframework.data.repository.config.RepositoryConfigurationDelegate","level":"INFO","message":"Finished Spring Data repository scanning in 88 ms. Found 1 JPA repository interface."}
{"@timestamp":"2024-09-26T18:36:15.7891001+05:30","logger_name":"org.springframework.boot.web.embedded.tomcat.TomcatWebServer","level":"INFO","message":"Tomcat initialized with port 8080 (http)"}
{"@timestamp":"2024-09-26T18:36:15.8208314+05:30","logger_name":"org.apache.coyote.http11.Http11NioProtocol","level":"INFO","message":"Initializing ProtocolHandler [\"http-nio-8080\"]"}
{"@timestamp":"2024-09-26T18:36:15.8258505+05:30","logger_name":"org.apache.catalina.core.StandardService","level":"INFO","message":"Starting service [Tomcat]"}
{"@timestamp":"2024-09-26T18:36:15.8258505+05:30","logger_name":"org.apache.catalina.core.StandardEngine","level":"INFO","message":"Starting Servlet engine: [Apache Tomcat/10.1.30]"}
{"@timestamp":"2024-09-26T18:36:15.9873286+05:30","logger_name":"org.apache.catalina.core.ContainerBase.[Tomcat].[localhost].[/]","level":"INFO","message":"Initializing Spring embedded WebApplicationContext"}
{"@timestamp":"2024-09-26T18:36:15.9873286+05:30","logger_name":"org.springframework.boot.web.servlet.context.ServletWebServerApplicationContext","level":"INFO","message":"Root WebApplicationContext: initialization completed in 3518 ms"}
{"@timestamp":"2024-09-26T18:36:16.6805922+05:30","logger_name":"org.hibernate.jpa.internal.util.LogHelper","level":"INFO","message":"HHH000204: Processing PersistenceUnitInfo [name: default]"}
{"@timestamp":"2024-09-26T18:36:16.9566165+05:30","logger_name":"org.hibernate.Version","level":"INFO","message":"HHH000412: Hibernate ORM core version 6.5.3.Final"}
{"@timestamp":"2024-09-26T18:36:17.1421086+05:30","logger_name":"org.hibernate.cache.internal.RegionFactoryInitiator","level":"INFO","message":"HHH000026: Second-level cache disabled"}
{"@timestamp":"2024-09-26T18:36:18.3792452+05:30","logger_name":"org.springframework.orm.jpa.persistenceunit.SpringPersistenceUnitInfo","level":"INFO","message":"No LoadTimeWeaver setup: ignoring JPA class transformer"}
{"@timestamp":"2024-09-26T18:36:18.519857+05:30","logger_name":"com.zaxxer.hikari.HikariDataSource","level":"INFO","message":"HikariPool-1 - Starting..."}
{"@timestamp":"2024-09-26T18:36:19.4153491+05:30","logger_name":"com.zaxxer.hikari.pool.HikariPool","level":"INFO","message":"HikariPool-1 - Added connection com.mysql.cj.jdbc.ConnectionImpl@77e5c765"}
{"@timestamp":"2024-09-26T18:36:19.419305+05:30","logger_name":"com.zaxxer.hikari.HikariDataSource","level":"INFO","message":"HikariPool-1 - Start completed."}
{"@timestamp":"2024-09-26T18:36:19.5944812+05:30","logger_name":"org.hibernate.orm.deprecation","level":"WARN","message":"HHH90000025: MySQL8Dialect does not need to be specified explicitly using 'hibernate.dialect' (remove the property setting and it will be selected by default)"}
{"@timestamp":"2024-09-26T18:36:19.5964697+05:30","logger_name":"org.hibernate.orm.deprecation","level":"WARN","message":"HHH90000026: MySQL8Dialect has been deprecated; use org.hibernate.dialect.MySQLDialect instead"}
{"@timestamp":"2024-09-26T18:36:21.6448521+05:30","logger_name":"org.hibernate.engine.transaction.jta.platform.internal.JtaPlatformInitiator","level":"INFO","message":"HHH000489: No JTA platform available (set 'hibernate.transaction.jta.platform' to enable JTA platform integration)"}
{"@timestamp":"2024-09-26T18:36:22.1536586+05:30","logger_name":"org.springframework.orm.jpa.LocalContainerEntityManagerFactoryBean","level":"INFO","message":"Initialized JPA EntityManagerFactory for persistence unit 'default'"}
{"@timestamp":"2024-09-26T18:36:23.4461609+05:30","logger_name":"org.springframework.boot.autoconfigure.orm.jpa.JpaBaseConfiguration$JpaWebConfiguration","level":"WARN","message":"spring.jpa.open-in-view is enabled by default. Therefore, database queries may be performed during view rendering. Explicitly configure spring.jpa.open-in-view to disable this warning"}
{"@timestamp":"2024-09-26T18:36:25.3811007+05:30","logger_name":"org.springframework.boot.actuate.endpoint.web.EndpointLinksResolver","level":"INFO","message":"Exposing 14 endpoints beneath base path '/check'"}
{"@timestamp":"2024-09-26T18:36:25.5751097+05:30","logger_name":"org.apache.coyote.http11.Http11NioProtocol","level":"INFO","message":"Starting ProtocolHandler [\"http-nio-8080\"]"}
{"@timestamp":"2024-09-26T18:36:25.5871138+05:30","logger_name":"org.springframework.boot.web.servlet.context.AnnotationConfigServletWebServerApplicationContext","level":"WARN","message":"Exception encountered during context initialization - cancelling refresh attempt: org.springframework.context.ApplicationContextException: Failed to start bean 'webServerStartStop'"}
{"@timestamp":"2024-09-26T18:36:25.5930616+05:30","logger_name":"org.springframework.orm.jpa.LocalContainerEntityManagerFactoryBean","level":"INFO","message":"Closing JPA EntityManagerFactory for persistence unit 'default'"}
{"@timestamp":"2024-09-26T18:36:25.5970511+05:30","logger_name":"com.zaxxer.hikari.HikariDataSource","level":"INFO","message":"HikariPool-1 - Shutdown initiated..."}
{"@timestamp":"2024-09-26T18:36:25.6160001+05:30","logger_name":"com.zaxxer.hikari.HikariDataSource","level":"INFO","message":"HikariPool-1 - Shutdown completed."}
{"@timestamp":"2024-09-26T18:36:25.679623+05:30","logger_name":"org.springframework.boot.autoconfigure.logging.ConditionEvaluationReportLogger","level":"INFO","message":"\r\n\r\nError starting ApplicationContext. To display the condition evaluation report re-run your application with 'debug' enabled."}
{"@timestamp":"2024-09-26T18:36:25.7210932+05:30","logger_name":"org.springframework.boot.diagnostics.LoggingFailureAnalysisReporter","level":"ERROR","message":"\r\n\r\n***************************\r\nAPPLICATION FAILED TO START\r\n***************************\r\n\r\nDescription:\r\n\r\nWeb server failed to start. Port 8080 was already in use.\r\n\r\nAction:\r\n\r\nIdentify and stop the process that's listening on port 8080 or configure this application to listen on another port.\r\n"}
