{"@timestamp":"2024-09-26T20:58:12.05634+05:30","logger_name":"org.springframework.boot.admin.SpringApplicationAdminMXBeanRegistrar$SpringApplicationAdmin","level":"INFO","message":"Application shutdown requested."}
{"@timestamp":"2024-09-26T20:58:13.3254343+05:30","logger_name":"org.apache.coyote.http11.Http11NioProtocol","level":"INFO","message":"Stopping ProtocolHandler [\"http-nio-8080\"]"}
{"@timestamp":"2024-09-26T20:58:13.9289966+05:30","logger_name":"org.springframework.orm.jpa.LocalContainerEntityManagerFactoryBean","level":"INFO","message":"Closing JPA EntityManagerFactory for persistence unit 'default'"}
{"@timestamp":"2024-09-26T20:58:14.4943125+05:30","logger_name":"com.zaxxer.hikari.HikariDataSource","level":"INFO","message":"HikariPool-1 - Shutdown initiated..."}
{"@timestamp":"2024-09-26T20:58:14.7476362+05:30","logger_name":"com.zaxxer.hikari.HikariDataSource","level":"INFO","message":"HikariPool-1 - Shutdown completed."}
{"@timestamp":"2024-09-26T20:58:35.8453523+05:30","logger_name":"com.ecom.prodcut.ProductServiceApplication","level":"INFO","message":"Starting ProductServiceApplication using Java 17.0.11 with PID 13116 (E:\\CV2_Project\\product-service\\target\\classes started by HP in E:\\CV2_Project\\product-service)"}
{"@timestamp":"2024-09-26T20:58:35.867026+05:30","logger_name":"com.ecom.prodcut.ProductServiceApplication","level":"INFO","message":"No active profile set, falling back to 1 default profile: \"default\""}
{"@timestamp":"2024-09-26T20:58:38.2646421+05:30","logger_name":"org.springframework.data.repository.config.RepositoryConfigurationDelegate","level":"INFO","message":"Bootstrapping Spring Data JPA repositories in DEFAULT mode."}
{"@timestamp":"2024-09-26T20:58:38.3756468+05:30","logger_name":"org.springframework.data.repository.config.RepositoryConfigurationDelegate","level":"INFO","message":"Finished Spring Data repository scanning in 94 ms. Found 1 JPA repository interface."}
{"@timestamp":"2024-09-26T20:58:39.9926998+05:30","logger_name":"org.springframework.boot.web.embedded.tomcat.TomcatWebServer","level":"INFO","message":"Tomcat initialized with port 8080 (http)"}
{"@timestamp":"2024-09-26T20:58:40.0140488+05:30","logger_name":"org.apache.coyote.http11.Http11NioProtocol","level":"INFO","message":"Initializing ProtocolHandler [\"http-nio-8080\"]"}
{"@timestamp":"2024-09-26T20:58:40.0193443+05:30","logger_name":"org.apache.catalina.core.StandardService","level":"INFO","message":"Starting service [Tomcat]"}
{"@timestamp":"2024-09-26T20:58:40.0201438+05:30","logger_name":"org.apache.catalina.core.StandardEngine","level":"INFO","message":"Starting Servlet engine: [Apache Tomcat/10.1.30]"}
{"@timestamp":"2024-09-26T20:58:40.2534113+05:30","logger_name":"org.apache.catalina.core.ContainerBase.[Tomcat].[localhost].[/]","level":"INFO","message":"Initializing Spring embedded WebApplicationContext"}
{"@timestamp":"2024-09-26T20:58:40.254943+05:30","logger_name":"org.springframework.boot.web.servlet.context.ServletWebServerApplicationContext","level":"INFO","message":"Root WebApplicationContext: initialization completed in 4219 ms"}
{"@timestamp":"2024-09-26T20:58:40.9512547+05:30","logger_name":"org.hibernate.jpa.internal.util.LogHelper","level":"INFO","message":"HHH000204: Processing PersistenceUnitInfo [name: default]"}
{"@timestamp":"2024-09-26T20:58:41.1142896+05:30","logger_name":"org.hibernate.Version","level":"INFO","message":"HHH000412: Hibernate ORM core version 6.5.3.Final"}
{"@timestamp":"2024-09-26T20:58:41.1989291+05:30","logger_name":"org.hibernate.cache.internal.RegionFactoryInitiator","level":"INFO","message":"HHH000026: Second-level cache disabled"}
{"@timestamp":"2024-09-26T20:58:42.140229+05:30","logger_name":"org.springframework.orm.jpa.persistenceunit.SpringPersistenceUnitInfo","level":"INFO","message":"No LoadTimeWeaver setup: ignoring JPA class transformer"}
{"@timestamp":"2024-09-26T20:58:42.2712362+05:30","logger_name":"com.zaxxer.hikari.HikariDataSource","level":"INFO","message":"HikariPool-1 - Starting..."}
{"@timestamp":"2024-09-26T20:58:43.6512633+05:30","logger_name":"com.zaxxer.hikari.pool.HikariPool","level":"INFO","message":"HikariPool-1 - Added connection com.mysql.cj.jdbc.ConnectionImpl@7b33deed"}
{"@timestamp":"2024-09-26T20:58:43.6592602+05:30","logger_name":"com.zaxxer.hikari.HikariDataSource","level":"INFO","message":"HikariPool-1 - Start completed."}
{"@timestamp":"2024-09-26T20:58:43.9374933+05:30","logger_name":"org.hibernate.orm.deprecation","level":"WARN","message":"HHH90000025: MySQL8Dialect does not need to be specified explicitly using 'hibernate.dialect' (remove the property setting and it will be selected by default)"}
{"@timestamp":"2024-09-26T20:58:43.9417561+05:30","logger_name":"org.hibernate.orm.deprecation","level":"WARN","message":"HHH90000026: MySQL8Dialect has been deprecated; use org.hibernate.dialect.MySQLDialect instead"}
{"@timestamp":"2024-09-26T20:58:45.5555222+05:30","logger_name":"org.hibernate.engine.transaction.jta.platform.internal.JtaPlatformInitiator","level":"INFO","message":"HHH000489: No JTA platform available (set 'hibernate.transaction.jta.platform' to enable JTA platform integration)"}
{"@timestamp":"2024-09-26T20:58:45.8506504+05:30","logger_name":"org.springframework.orm.jpa.LocalContainerEntityManagerFactoryBean","level":"INFO","message":"Initialized JPA EntityManagerFactory for persistence unit 'default'"}
{"@timestamp":"2024-09-26T20:58:46.6055873+05:30","logger_name":"org.springframework.boot.autoconfigure.orm.jpa.JpaBaseConfiguration$JpaWebConfiguration","level":"WARN","message":"spring.jpa.open-in-view is enabled by default. Therefore, database queries may be performed during view rendering. Explicitly configure spring.jpa.open-in-view to disable this warning"}
{"@timestamp":"2024-09-26T20:58:47.8028102+05:30","logger_name":"org.springframework.boot.actuate.endpoint.web.EndpointLinksResolver","level":"INFO","message":"Exposing 14 endpoints beneath base path '/check'"}
{"@timestamp":"2024-09-26T20:58:47.9181464+05:30","logger_name":"org.apache.coyote.http11.Http11NioProtocol","level":"INFO","message":"Starting ProtocolHandler [\"http-nio-8080\"]"}
{"@timestamp":"2024-09-26T20:58:47.9773409+05:30","logger_name":"org.springframework.boot.web.embedded.tomcat.TomcatWebServer","level":"INFO","message":"Tomcat started on port 8080 (http) with context path '/'"}
{"@timestamp":"2024-09-26T20:58:48.0012783+05:30","logger_name":"com.ecom.prodcut.ProductServiceApplication","level":"INFO","message":"Started ProductServiceApplication in 14.219 seconds (process running for 16.857)"}
{"@timestamp":"2024-09-26T20:58:49.3974768+05:30","logger_name":"org.apache.catalina.core.ContainerBase.[Tomcat].[localhost].[/]","level":"INFO","message":"Initializing Spring DispatcherServlet 'dispatcherServlet'"}
{"@timestamp":"2024-09-26T20:58:49.3985669+05:30","logger_name":"org.springframework.web.servlet.DispatcherServlet","level":"INFO","message":"Initializing Servlet 'dispatcherServlet'"}
{"@timestamp":"2024-09-26T20:58:49.4011269+05:30","logger_name":"org.springframework.web.servlet.DispatcherServlet","level":"INFO","message":"Completed initialization in 3 ms"}
