{"@timestamp":"2024-09-26T19:49:28.2546514+05:30","logger_name":"com.ecom.prodcut.ProductServiceApplication","level":"INFO","message":"Starting ProductServiceApplication using Java 17.0.11 with PID 6800 (E:\\CV2_Project\\product-service\\target\\classes started by HP in E:\\CV2_Project\\product-service)"}
{"@timestamp":"2024-09-26T19:49:28.2758876+05:30","logger_name":"com.ecom.prodcut.ProductServiceApplication","level":"INFO","message":"No active profile set, falling back to 1 default profile: \"default\""}
{"@timestamp":"2024-09-26T19:49:30.9214618+05:30","logger_name":"org.springframework.data.repository.config.RepositoryConfigurationDelegate","level":"INFO","message":"Bootstrapping Spring Data JPA repositories in DEFAULT mode."}
{"@timestamp":"2024-09-26T19:49:31.0400491+05:30","logger_name":"org.springframework.data.repository.config.RepositoryConfigurationDelegate","level":"INFO","message":"Finished Spring Data repository scanning in 101 ms. Found 1 JPA repository interface."}
{"@timestamp":"2024-09-26T19:49:32.4603893+05:30","logger_name":"org.springframework.boot.web.embedded.tomcat.TomcatWebServer","level":"INFO","message":"Tomcat initialized with port 8080 (http)"}
{"@timestamp":"2024-09-26T19:49:32.4811372+05:30","logger_name":"org.apache.coyote.http11.Http11NioProtocol","level":"INFO","message":"Initializing ProtocolHandler [\"http-nio-8080\"]"}
{"@timestamp":"2024-09-26T19:49:32.4861523+05:30","logger_name":"org.apache.catalina.core.StandardService","level":"INFO","message":"Starting service [Tomcat]"}
{"@timestamp":"2024-09-26T19:49:32.4874996+05:30","logger_name":"org.apache.catalina.core.StandardEngine","level":"INFO","message":"Starting Servlet engine: [Apache Tomcat/10.1.30]"}
{"@timestamp":"2024-09-26T19:49:32.6054333+05:30","logger_name":"org.apache.catalina.core.ContainerBase.[Tomcat].[localhost].[/]","level":"INFO","message":"Initializing Spring embedded WebApplicationContext"}
{"@timestamp":"2024-09-26T19:49:32.6065422+05:30","logger_name":"org.springframework.boot.web.servlet.context.ServletWebServerApplicationContext","level":"INFO","message":"Root WebApplicationContext: initialization completed in 4193 ms"}
{"@timestamp":"2024-09-26T19:49:33.1278465+05:30","logger_name":"org.hibernate.jpa.internal.util.LogHelper","level":"INFO","message":"HHH000204: Processing PersistenceUnitInfo [name: default]"}
{"@timestamp":"2024-09-26T19:49:33.2897614+05:30","logger_name":"org.hibernate.Version","level":"INFO","message":"HHH000412: Hibernate ORM core version 6.5.3.Final"}
{"@timestamp":"2024-09-26T19:49:33.378391+05:30","logger_name":"org.hibernate.cache.internal.RegionFactoryInitiator","level":"INFO","message":"HHH000026: Second-level cache disabled"}
{"@timestamp":"2024-09-26T19:49:34.031951+05:30","logger_name":"org.springframework.orm.jpa.persistenceunit.SpringPersistenceUnitInfo","level":"INFO","message":"No LoadTimeWeaver setup: ignoring JPA class transformer"}
{"@timestamp":"2024-09-26T19:49:34.1107112+05:30","logger_name":"com.zaxxer.hikari.HikariDataSource","level":"INFO","message":"HikariPool-1 - Starting..."}
{"@timestamp":"2024-09-26T19:49:34.7581992+05:30","logger_name":"com.zaxxer.hikari.pool.HikariPool","level":"INFO","message":"HikariPool-1 - Added connection com.mysql.cj.jdbc.ConnectionImpl@24a7725d"}
{"@timestamp":"2024-09-26T19:49:34.7621909+05:30","logger_name":"com.zaxxer.hikari.HikariDataSource","level":"INFO","message":"HikariPool-1 - Start completed."}
{"@timestamp":"2024-09-26T19:49:34.8787627+05:30","logger_name":"org.hibernate.orm.deprecation","level":"WARN","message":"HHH90000025: MySQL8Dialect does not need to be specified explicitly using 'hibernate.dialect' (remove the property setting and it will be selected by default)"}
{"@timestamp":"2024-09-26T19:49:34.881869+05:30","logger_name":"org.hibernate.orm.deprecation","level":"WARN","message":"HHH90000026: MySQL8Dialect has been deprecated; use org.hibernate.dialect.MySQLDialect instead"}
{"@timestamp":"2024-09-26T19:49:36.5334586+05:30","logger_name":"org.hibernate.engine.transaction.jta.platform.internal.JtaPlatformInitiator","level":"INFO","message":"HHH000489: No JTA platform available (set 'hibernate.transaction.jta.platform' to enable JTA platform integration)"}
{"@timestamp":"2024-09-26T19:49:36.7398316+05:30","logger_name":"org.springframework.orm.jpa.LocalContainerEntityManagerFactoryBean","level":"INFO","message":"Initialized JPA EntityManagerFactory for persistence unit 'default'"}
{"@timestamp":"2024-09-26T19:49:37.5026471+05:30","logger_name":"org.springframework.boot.autoconfigure.orm.jpa.JpaBaseConfiguration$JpaWebConfiguration","level":"WARN","message":"spring.jpa.open-in-view is enabled by default. Therefore, database queries may be performed during view rendering. Explicitly configure spring.jpa.open-in-view to disable this warning"}
{"@timestamp":"2024-09-26T19:49:38.6754631+05:30","logger_name":"org.springframework.boot.actuate.endpoint.web.EndpointLinksResolver","level":"INFO","message":"Exposing 14 endpoints beneath base path '/check'"}
{"@timestamp":"2024-09-26T19:49:38.7872401+05:30","logger_name":"org.apache.coyote.http11.Http11NioProtocol","level":"INFO","message":"Starting ProtocolHandler [\"http-nio-8080\"]"}
{"@timestamp":"2024-09-26T19:49:38.8406337+05:30","logger_name":"org.springframework.boot.web.embedded.tomcat.TomcatWebServer","level":"INFO","message":"Tomcat started on port 8080 (http) with context path '/'"}
{"@timestamp":"2024-09-26T19:49:38.8645179+05:30","logger_name":"com.ecom.prodcut.ProductServiceApplication","level":"INFO","message":"Started ProductServiceApplication in 13.22 seconds (process running for 14.954)"}
{"@timestamp":"2024-09-26T19:49:40.8525251+05:30","logger_name":"org.apache.catalina.core.ContainerBase.[Tomcat].[localhost].[/]","level":"INFO","message":"Initializing Spring DispatcherServlet 'dispatcherServlet'"}
{"@timestamp":"2024-09-26T19:49:40.8538273+05:30","logger_name":"org.springframework.web.servlet.DispatcherServlet","level":"INFO","message":"Initializing Servlet 'dispatcherServlet'"}
{"@timestamp":"2024-09-26T19:49:40.8635002+05:30","logger_name":"org.springframework.web.servlet.DispatcherServlet","level":"INFO","message":"Completed initialization in 7 ms"}
