{"@timestamp":"2024-09-26T15:26:44.3797814+05:30","logger_name":"com.ecom.prodcut.ProductServiceApplication","level":"INFO","message":"Starting ProductServiceApplication using Java 17.0.11 with PID 3960 (E:\\CV2_Project\\product-service\\target\\classes started by HP in E:\\CV2_Project\\product-service)"}
{"@timestamp":"2024-09-26T15:26:44.6670126+05:30","logger_name":"com.ecom.prodcut.ProductServiceApplication","level":"INFO","message":"No active profile set, falling back to 1 default profile: \"default\""}
{"@timestamp":"2024-09-26T15:26:47.5755327+05:30","logger_name":"org.springframework.data.repository.config.RepositoryConfigurationDelegate","level":"INFO","message":"Bootstrapping Spring Data JPA repositories in DEFAULT mode."}
{"@timestamp":"2024-09-26T15:26:47.690924+05:30","logger_name":"org.springframework.data.repository.config.RepositoryConfigurationDelegate","level":"INFO","message":"Finished Spring Data repository scanning in 92 ms. Found 1 JPA repository interface."}
{"@timestamp":"2024-09-26T15:26:49.3199189+05:30","logger_name":"org.springframework.boot.web.embedded.tomcat.TomcatWebServer","level":"INFO","message":"Tomcat initialized with port 8080 (http)"}
{"@timestamp":"2024-09-26T15:26:49.3494002+05:30","logger_name":"org.apache.coyote.http11.Http11NioProtocol","level":"INFO","message":"Initializing ProtocolHandler [\"http-nio-8080\"]"}
{"@timestamp":"2024-09-26T15:26:49.3574008+05:30","logger_name":"org.apache.catalina.core.StandardService","level":"INFO","message":"Starting service [Tomcat]"}
{"@timestamp":"2024-09-26T15:26:49.3583806+05:30","logger_name":"org.apache.catalina.core.StandardEngine","level":"INFO","message":"Starting Servlet engine: [Apache Tomcat/10.1.30]"}
{"@timestamp":"2024-09-26T15:26:49.5034286+05:30","logger_name":"org.apache.catalina.core.ContainerBase.[Tomcat].[localhost].[/]","level":"INFO","message":"Initializing Spring embedded WebApplicationContext"}
{"@timestamp":"2024-09-26T15:26:49.5034286+05:30","logger_name":"org.springframework.boot.web.servlet.context.ServletWebServerApplicationContext","level":"INFO","message":"Root WebApplicationContext: initialization completed in 4623 ms"}
{"@timestamp":"2024-09-26T15:26:49.869033+05:30","logger_name":"com.zaxxer.hikari.HikariDataSource","level":"INFO","message":"HikariPool-1 - Starting..."}
{"@timestamp":"2024-09-26T15:26:51.9383967+05:30","logger_name":"org.hibernate.jpa.internal.util.LogHelper","level":"INFO","message":"HHH000204: Processing PersistenceUnitInfo [name: default]"}
{"@timestamp":"2024-09-26T15:26:52.1511638+05:30","logger_name":"org.hibernate.Version","level":"INFO","message":"HHH000412: Hibernate ORM core version 6.5.3.Final"}
{"@timestamp":"2024-09-26T15:26:52.2204427+05:30","logger_name":"org.hibernate.cache.internal.RegionFactoryInitiator","level":"INFO","message":"HHH000026: Second-level cache disabled"}
{"@timestamp":"2024-09-26T15:26:52.7650424+05:30","logger_name":"org.springframework.orm.jpa.persistenceunit.SpringPersistenceUnitInfo","level":"INFO","message":"No LoadTimeWeaver setup: ignoring JPA class transformer"}
{"@timestamp":"2024-09-26T15:26:52.8188101+05:30","logger_name":"com.zaxxer.hikari.HikariDataSource","level":"INFO","message":"HikariPool-1 - Starting..."}
{"@timestamp":"2024-09-26T15:26:53.8677098+05:30","logger_name":"org.hibernate.engine.jdbc.spi.SqlExceptionHelper","level":"WARN","message":"SQL Error: 1049, SQLState: 42000"}
{"@timestamp":"2024-09-26T15:26:53.8687078+05:30","logger_name":"org.hibernate.engine.jdbc.spi.SqlExceptionHelper","level":"ERROR","message":"Unknown database 'product'"}
{"@timestamp":"2024-09-26T15:26:53.870703+05:30","logger_name":"org.hibernate.engine.jdbc.env.internal.JdbcEnvironmentInitiator","level":"WARN","message":"HHH000342: Could not obtain connection to query metadata"}
{"@timestamp":"2024-09-26T15:26:53.9224436+05:30","logger_name":"org.hibernate.orm.deprecation","level":"WARN","message":"HHH90000025: MySQLDialect does not need to be specified explicitly using 'hibernate.dialect' (remove the property setting and it will be selected by default)"}
{"@timestamp":"2024-09-26T15:26:55.8300727+05:30","logger_name":"org.hibernate.engine.transaction.jta.platform.internal.JtaPlatformInitiator","level":"INFO","message":"HHH000489: No JTA platform available (set 'hibernate.transaction.jta.platform' to enable JTA platform integration)"}
{"@timestamp":"2024-09-26T15:26:55.8702447+05:30","logger_name":"com.zaxxer.hikari.HikariDataSource","level":"INFO","message":"HikariPool-1 - Starting..."}
{"@timestamp":"2024-09-26T15:26:56.8978196+05:30","logger_name":"org.hibernate.engine.jdbc.spi.SqlExceptionHelper","level":"WARN","message":"SQL Error: 1049, SQLState: 42000"}
{"@timestamp":"2024-09-26T15:26:56.8988935+05:30","logger_name":"org.hibernate.engine.jdbc.spi.SqlExceptionHelper","level":"ERROR","message":"Unknown database 'product'"}
{"@timestamp":"2024-09-26T15:26:56.9277618+05:30","logger_name":"org.springframework.orm.jpa.LocalContainerEntityManagerFactoryBean","level":"ERROR","message":"Failed to initialize JPA EntityManagerFactory: [PersistenceUnit: default] Unable to build Hibernate SessionFactory; nested exception is org.hibernate.exception.SQLGrammarException: Unable to open JDBC Connection for DDL execution [Unknown database 'product'] [n/a]"}
{"@timestamp":"2024-09-26T15:26:56.9407181+05:30","logger_name":"org.springframework.boot.web.servlet.context.AnnotationConfigServletWebServerApplicationContext","level":"WARN","message":"Exception encountered during context initialization - cancelling refresh attempt: org.springframework.beans.factory.BeanCreationException: Error creating bean with name 'entityManagerFactory' defined in class path resource [org/springframework/boot/autoconfigure/orm/jpa/HibernateJpaConfiguration.class]: [PersistenceUnit: default] Unable to build Hibernate SessionFactory; nested exception is org.hibernate.exception.SQLGrammarException: Unable to open JDBC Connection for DDL execution [Unknown database 'product'] [n/a]"}
{"@timestamp":"2024-09-26T15:26:56.9496903+05:30","logger_name":"org.apache.catalina.core.StandardService","level":"INFO","message":"Stopping service [Tomcat]"}
{"@timestamp":"2024-09-26T15:26:56.9885875+05:30","logger_name":"org.springframework.boot.autoconfigure.logging.ConditionEvaluationReportLogger","level":"INFO","message":"\r\n\r\nError starting ApplicationContext. To display the condition evaluation report re-run your application with 'debug' enabled."}
{"@timestamp":"2024-09-26T15:26:57.0300401+05:30","logger_name":"org.springframework.boot.SpringApplication","level":"ERROR","message":"Application run failed"}
