{"@timestamp":"2024-09-26T15:27:29.3798088+05:30","logger_name":"com.ecom.prodcut.ProductServiceApplication","level":"INFO","message":"Starting ProductServiceApplication using Java 17.0.11 with PID 11200 (E:\\CV2_Project\\product-service\\target\\classes started by HP in E:\\CV2_Project\\product-service)"}
{"@timestamp":"2024-09-26T15:27:29.3967658+05:30","logger_name":"com.ecom.prodcut.ProductServiceApplication","level":"INFO","message":"No active profile set, falling back to 1 default profile: \"default\""}
{"@timestamp":"2024-09-26T15:27:31.6411668+05:30","logger_name":"org.springframework.data.repository.config.RepositoryConfigurationDelegate","level":"INFO","message":"Bootstrapping Spring Data JPA repositories in DEFAULT mode."}
{"@timestamp":"2024-09-26T15:27:31.7708618+05:30","logger_name":"org.springframework.data.repository.config.RepositoryConfigurationDelegate","level":"INFO","message":"Finished Spring Data repository scanning in 85 ms. Found 1 JPA repository interface."}
{"@timestamp":"2024-09-26T15:27:33.577517+05:30","logger_name":"org.springframework.boot.web.embedded.tomcat.TomcatWebServer","level":"INFO","message":"Tomcat initialized with port 8080 (http)"}
{"@timestamp":"2024-09-26T15:27:33.5984248+05:30","logger_name":"org.apache.coyote.http11.Http11NioProtocol","level":"INFO","message":"Initializing ProtocolHandler [\"http-nio-8080\"]"}
{"@timestamp":"2024-09-26T15:27:33.6044097+05:30","logger_name":"org.apache.catalina.core.StandardService","level":"INFO","message":"Starting service [Tomcat]"}
{"@timestamp":"2024-09-26T15:27:33.6044097+05:30","logger_name":"org.apache.catalina.core.StandardEngine","level":"INFO","message":"Starting Servlet engine: [Apache Tomcat/10.1.30]"}
{"@timestamp":"2024-09-26T15:27:33.7323242+05:30","logger_name":"org.apache.catalina.core.ContainerBase.[Tomcat].[localhost].[/]","level":"INFO","message":"Initializing Spring embedded WebApplicationContext"}
{"@timestamp":"2024-09-26T15:27:33.7333191+05:30","logger_name":"org.springframework.boot.web.servlet.context.ServletWebServerApplicationContext","level":"INFO","message":"Root WebApplicationContext: initialization completed in 4258 ms"}
{"@timestamp":"2024-09-26T15:27:34.20551+05:30","logger_name":"com.zaxxer.hikari.HikariDataSource","level":"INFO","message":"HikariPool-1 - Starting..."}
{"@timestamp":"2024-09-26T15:27:36.0228045+05:30","logger_name":"org.hibernate.jpa.internal.util.LogHelper","level":"INFO","message":"HHH000204: Processing PersistenceUnitInfo [name: default]"}
{"@timestamp":"2024-09-26T15:27:36.1645606+05:30","logger_name":"org.hibernate.Version","level":"INFO","message":"HHH000412: Hibernate ORM core version 6.5.3.Final"}
{"@timestamp":"2024-09-26T15:27:36.2367319+05:30","logger_name":"org.hibernate.cache.internal.RegionFactoryInitiator","level":"INFO","message":"HHH000026: Second-level cache disabled"}
{"@timestamp":"2024-09-26T15:27:36.7659334+05:30","logger_name":"org.springframework.orm.jpa.persistenceunit.SpringPersistenceUnitInfo","level":"INFO","message":"No LoadTimeWeaver setup: ignoring JPA class transformer"}
{"@timestamp":"2024-09-26T15:27:36.828659+05:30","logger_name":"com.zaxxer.hikari.HikariDataSource","level":"INFO","message":"HikariPool-1 - Starting..."}
{"@timestamp":"2024-09-26T15:27:37.8681343+05:30","logger_name":"org.hibernate.engine.jdbc.spi.SqlExceptionHelper","level":"WARN","message":"SQL Error: 1049, SQLState: 42000"}
{"@timestamp":"2024-09-26T15:27:37.8701246+05:30","logger_name":"org.hibernate.engine.jdbc.spi.SqlExceptionHelper","level":"ERROR","message":"Unknown database 'product'"}
{"@timestamp":"2024-09-26T15:27:37.8741273+05:30","logger_name":"org.hibernate.engine.jdbc.env.internal.JdbcEnvironmentInitiator","level":"WARN","message":"HHH000342: Could not obtain connection to query metadata"}
{"@timestamp":"2024-09-26T15:27:37.9366198+05:30","logger_name":"org.hibernate.orm.deprecation","level":"WARN","message":"HHH90000025: MySQLDialect does not need to be specified explicitly using 'hibernate.dialect' (remove the property setting and it will be selected by default)"}
{"@timestamp":"2024-09-26T15:27:39.225583+05:30","logger_name":"org.hibernate.engine.transaction.jta.platform.internal.JtaPlatformInitiator","level":"INFO","message":"HHH000489: No JTA platform available (set 'hibernate.transaction.jta.platform' to enable JTA platform integration)"}
{"@timestamp":"2024-09-26T15:27:39.2614519+05:30","logger_name":"com.zaxxer.hikari.HikariDataSource","level":"INFO","message":"HikariPool-1 - Starting..."}
{"@timestamp":"2024-09-26T15:27:40.2977495+05:30","logger_name":"org.hibernate.engine.jdbc.spi.SqlExceptionHelper","level":"WARN","message":"SQL Error: 1049, SQLState: 42000"}
{"@timestamp":"2024-09-26T15:27:40.2997585+05:30","logger_name":"org.hibernate.engine.jdbc.spi.SqlExceptionHelper","level":"ERROR","message":"Unknown database 'product'"}
{"@timestamp":"2024-09-26T15:27:40.3227064+05:30","logger_name":"org.springframework.orm.jpa.LocalContainerEntityManagerFactoryBean","level":"ERROR","message":"Failed to initialize JPA EntityManagerFactory: [PersistenceUnit: default] Unable to build Hibernate SessionFactory; nested exception is org.hibernate.exception.SQLGrammarException: Unable to open JDBC Connection for DDL execution [Unknown database 'product'] [n/a]"}
{"@timestamp":"2024-09-26T15:27:40.3246913+05:30","logger_name":"org.springframework.boot.web.servlet.context.AnnotationConfigServletWebServerApplicationContext","level":"WARN","message":"Exception encountered during context initialization - cancelling refresh attempt: org.springframework.beans.factory.BeanCreationException: Error creating bean with name 'entityManagerFactory' defined in class path resource [org/springframework/boot/autoconfigure/orm/jpa/HibernateJpaConfiguration.class]: [PersistenceUnit: default] Unable to build Hibernate SessionFactory; nested exception is org.hibernate.exception.SQLGrammarException: Unable to open JDBC Connection for DDL execution [Unknown database 'product'] [n/a]"}
{"@timestamp":"2024-09-26T15:27:40.330674+05:30","logger_name":"org.apache.catalina.core.StandardService","level":"INFO","message":"Stopping service [Tomcat]"}
{"@timestamp":"2024-09-26T15:27:40.3613404+05:30","logger_name":"org.springframework.boot.autoconfigure.logging.ConditionEvaluationReportLogger","level":"INFO","message":"\r\n\r\nError starting ApplicationContext. To display the condition evaluation report re-run your application with 'debug' enabled."}
{"@timestamp":"2024-09-26T15:27:40.391229+05:30","logger_name":"org.springframework.boot.SpringApplication","level":"ERROR","message":"Application run failed"}
