{"@timestamp":"2024-09-26T17:48:00.5311229+05:30","logger_name":"org.springframework.boot.web.embedded.tomcat.TomcatWebServer","level":"INFO","message":"Tomcat initialized with port 8080 (http)"}
{"@timestamp":"2024-09-26T17:48:00.5700168+05:30","logger_name":"org.apache.coyote.http11.Http11NioProtocol","level":"INFO","message":"Initializing ProtocolHandler [\"http-nio-8080\"]"}
{"@timestamp":"2024-09-26T17:48:00.583979+05:30","logger_name":"org.apache.catalina.core.StandardService","level":"INFO","message":"Starting service [Tomcat]"}
{"@timestamp":"2024-09-26T17:48:00.5859932+05:30","logger_name":"org.apache.catalina.core.StandardEngine","level":"INFO","message":"Starting Servlet engine: [Apache Tomcat/10.1.30]"}
{"@timestamp":"2024-09-26T17:48:00.7435513+05:30","logger_name":"org.apache.catalina.core.ContainerBase.[Tomcat].[localhost].[/]","level":"INFO","message":"Initializing Spring embedded WebApplicationContext"}
{"@timestamp":"2024-09-26T17:48:00.7450454+05:30","logger_name":"org.springframework.boot.web.servlet.context.ServletWebServerApplicationContext","level":"INFO","message":"Root WebApplicationContext: initialization completed in 7095 ms"}
{"@timestamp":"2024-09-26T17:48:01.2511964+05:30","logger_name":"com.zaxxer.hikari.HikariDataSource","level":"INFO","message":"HikariPool-1 - Starting..."}
{"@timestamp":"2024-09-26T17:48:03.3156839+05:30","logger_name":"org.hibernate.jpa.internal.util.LogHelper","level":"INFO","message":"HHH000204: Processing PersistenceUnitInfo [name: default]"}
{"@timestamp":"2024-09-26T17:48:03.4852177+05:30","logger_name":"org.hibernate.Version","level":"INFO","message":"HHH000412: Hibernate ORM core version 6.5.3.Final"}
{"@timestamp":"2024-09-26T17:48:03.5584716+05:30","logger_name":"org.hibernate.cache.internal.RegionFactoryInitiator","level":"INFO","message":"HHH000026: Second-level cache disabled"}
{"@timestamp":"2024-09-26T17:48:04.3369392+05:30","logger_name":"org.springframework.orm.jpa.persistenceunit.SpringPersistenceUnitInfo","level":"INFO","message":"No LoadTimeWeaver setup: ignoring JPA class transformer"}
{"@timestamp":"2024-09-26T17:48:04.4389413+05:30","logger_name":"com.zaxxer.hikari.HikariDataSource","level":"INFO","message":"HikariPool-1 - Starting..."}
{"@timestamp":"2024-09-26T17:48:05.4911645+05:30","logger_name":"org.hibernate.engine.jdbc.spi.SqlExceptionHelper","level":"WARN","message":"SQL Error: 1049, SQLState: 42000"}
{"@timestamp":"2024-09-26T17:48:05.4921363+05:30","logger_name":"org.hibernate.engine.jdbc.spi.SqlExceptionHelper","level":"ERROR","message":"Unknown database 'product'"}
{"@timestamp":"2024-09-26T17:48:05.5170584+05:30","logger_name":"org.hibernate.engine.jdbc.env.internal.JdbcEnvironmentInitiator","level":"WARN","message":"HHH000342: Could not obtain connection to query metadata"}
{"@timestamp":"2024-09-26T17:48:05.5669367+05:30","logger_name":"org.hibernate.orm.deprecation","level":"WARN","message":"HHH90000025: MySQL8Dialect does not need to be specified explicitly using 'hibernate.dialect' (remove the property setting and it will be selected by default)"}
{"@timestamp":"2024-09-26T17:48:05.5699168+05:30","logger_name":"org.hibernate.orm.deprecation","level":"WARN","message":"HHH90000026: MySQL8Dialect has been deprecated; use org.hibernate.dialect.MySQLDialect instead"}
{"@timestamp":"2024-09-26T17:48:07.2844336+05:30","logger_name":"org.hibernate.engine.transaction.jta.platform.internal.JtaPlatformInitiator","level":"INFO","message":"HHH000489: No JTA platform available (set 'hibernate.transaction.jta.platform' to enable JTA platform integration)"}
{"@timestamp":"2024-09-26T17:48:07.3322045+05:30","logger_name":"com.zaxxer.hikari.HikariDataSource","level":"INFO","message":"HikariPool-1 - Starting..."}
{"@timestamp":"2024-09-26T17:48:08.3952267+05:30","logger_name":"org.hibernate.engine.jdbc.spi.SqlExceptionHelper","level":"WARN","message":"SQL Error: 1049, SQLState: 42000"}
{"@timestamp":"2024-09-26T17:48:08.3952267+05:30","logger_name":"org.hibernate.engine.jdbc.spi.SqlExceptionHelper","level":"ERROR","message":"Unknown database 'product'"}
{"@timestamp":"2024-09-26T17:48:08.4082053+05:30","logger_name":"org.springframework.orm.jpa.LocalContainerEntityManagerFactoryBean","level":"ERROR","message":"Failed to initialize JPA EntityManagerFactory: [PersistenceUnit: default] Unable to build Hibernate SessionFactory; nested exception is org.hibernate.exception.SQLGrammarException: Unable to open JDBC Connection for DDL execution [Unknown database 'product'] [n/a]"}
{"@timestamp":"2024-09-26T17:48:08.4111918+05:30","logger_name":"org.springframework.boot.web.servlet.context.AnnotationConfigServletWebServerApplicationContext","level":"WARN","message":"Exception encountered during context initialization - cancelling refresh attempt: org.springframework.beans.factory.BeanCreationException: Error creating bean with name 'entityManagerFactory' defined in class path resource [org/springframework/boot/autoconfigure/orm/jpa/HibernateJpaConfiguration.class]: [PersistenceUnit: default] Unable to build Hibernate SessionFactory; nested exception is org.hibernate.exception.SQLGrammarException: Unable to open JDBC Connection for DDL execution [Unknown database 'product'] [n/a]"}
{"@timestamp":"2024-09-26T17:48:08.4172147+05:30","logger_name":"org.apache.catalina.core.StandardService","level":"INFO","message":"Stopping service [Tomcat]"}
{"@timestamp":"2024-09-26T17:48:08.5799216+05:30","logger_name":"org.springframework.boot.autoconfigure.logging.ConditionEvaluationReportLogger","level":"INFO","message":"\r\n\r\nError starting ApplicationContext. To display the condition evaluation report re-run your application with 'debug' enabled."}
{"@timestamp":"2024-09-26T17:48:08.630785+05:30","logger_name":"org.springframework.boot.SpringApplication","level":"ERROR","message":"Application run failed"}
