{"@timestamp":"2024-09-26T18:41:00.0322698+05:30","logger_name":"org.springframework.boot.web.embedded.tomcat.TomcatWebServer","level":"INFO","message":"Tomcat initialized with port 8080 (http)"}
{"@timestamp":"2024-09-26T18:41:00.0310207+05:30","logger_name":"org.springframework.boot.web.embedded.tomcat.TomcatWebServer","level":"INFO","message":"Tomcat initialized with port 8080 (http)"}
{"@timestamp":"2024-09-26T18:41:00.0798873+05:30","logger_name":"org.apache.coyote.http11.Http11NioProtocol","level":"INFO","message":"Initializing ProtocolHandler [\"http-nio-8080\"]"}
{"@timestamp":"2024-09-26T18:41:00.080886+05:30","logger_name":"org.apache.coyote.http11.Http11NioProtocol","level":"INFO","message":"Initializing ProtocolHandler [\"http-nio-8080\"]"}
{"@timestamp":"2024-09-26T18:41:00.0878663+05:30","logger_name":"org.apache.catalina.core.StandardService","level":"INFO","message":"Starting service [Tomcat]"}
{"@timestamp":"2024-09-26T18:41:00.0878663+05:30","logger_name":"org.apache.catalina.core.StandardEngine","level":"INFO","message":"Starting Servlet engine: [Apache Tomcat/10.1.30]"}
{"@timestamp":"2024-09-26T18:41:00.0888638+05:30","logger_name":"org.apache.catalina.core.StandardService","level":"INFO","message":"Starting service [Tomcat]"}
{"@timestamp":"2024-09-26T18:41:00.0888638+05:30","logger_name":"org.apache.catalina.core.StandardEngine","level":"INFO","message":"Starting Servlet engine: [Apache Tomcat/10.1.30]"}
{"@timestamp":"2024-09-26T18:41:00.3860678+05:30","logger_name":"org.apache.catalina.core.ContainerBase.[Tomcat].[localhost].[/]","level":"INFO","message":"Initializing Spring embedded WebApplicationContext"}
{"@timestamp":"2024-09-26T18:41:00.3890605+05:30","logger_name":"org.springframework.boot.web.servlet.context.ServletWebServerApplicationContext","level":"INFO","message":"Root WebApplicationContext: initialization completed in 5856 ms"}
{"@timestamp":"2024-09-26T18:41:00.4947779+05:30","logger_name":"org.apache.catalina.core.ContainerBase.[Tomcat].[localhost].[/]","level":"INFO","message":"Initializing Spring embedded WebApplicationContext"}
{"@timestamp":"2024-09-26T18:41:00.495775+05:30","logger_name":"org.springframework.boot.web.servlet.context.ServletWebServerApplicationContext","level":"INFO","message":"Root WebApplicationContext: initialization completed in 5983 ms"}
{"@timestamp":"2024-09-26T18:41:01.7733572+05:30","logger_name":"org.hibernate.jpa.internal.util.LogHelper","level":"INFO","message":"HHH000204: Processing PersistenceUnitInfo [name: default]"}
{"@timestamp":"2024-09-26T18:41:01.8162423+05:30","logger_name":"org.hibernate.jpa.internal.util.LogHelper","level":"INFO","message":"HHH000204: Processing PersistenceUnitInfo [name: default]"}
{"@timestamp":"2024-09-26T18:41:02.0795392+05:30","logger_name":"org.hibernate.Version","level":"INFO","message":"HHH000412: Hibernate ORM core version 6.5.3.Final"}
{"@timestamp":"2024-09-26T18:41:02.0835292+05:30","logger_name":"org.hibernate.Version","level":"INFO","message":"HHH000412: Hibernate ORM core version 6.5.3.Final"}
{"@timestamp":"2024-09-26T18:41:02.2889796+05:30","logger_name":"org.hibernate.cache.internal.RegionFactoryInitiator","level":"INFO","message":"HHH000026: Second-level cache disabled"}
{"@timestamp":"2024-09-26T18:41:02.3109204+05:30","logger_name":"org.hibernate.cache.internal.RegionFactoryInitiator","level":"INFO","message":"HHH000026: Second-level cache disabled"}
{"@timestamp":"2024-09-26T18:41:03.5994729+05:30","logger_name":"org.springframework.orm.jpa.persistenceunit.SpringPersistenceUnitInfo","level":"INFO","message":"No LoadTimeWeaver setup: ignoring JPA class transformer"}
{"@timestamp":"2024-09-26T18:41:03.5994729+05:30","logger_name":"org.springframework.orm.jpa.persistenceunit.SpringPersistenceUnitInfo","level":"INFO","message":"No LoadTimeWeaver setup: ignoring JPA class transformer"}
{"@timestamp":"2024-09-26T18:41:03.6832485+05:30","logger_name":"com.zaxxer.hikari.HikariDataSource","level":"INFO","message":"HikariPool-1 - Starting..."}
{"@timestamp":"2024-09-26T18:41:03.6842635+05:30","logger_name":"com.zaxxer.hikari.HikariDataSource","level":"INFO","message":"HikariPool-1 - Starting..."}
{"@timestamp":"2024-09-26T18:41:04.9737968+05:30","logger_name":"com.zaxxer.hikari.pool.HikariPool","level":"INFO","message":"HikariPool-1 - Added connection com.mysql.cj.jdbc.ConnectionImpl@77e5c765"}
{"@timestamp":"2024-09-26T18:41:04.9748031+05:30","logger_name":"com.zaxxer.hikari.pool.HikariPool","level":"INFO","message":"HikariPool-1 - Added connection com.mysql.cj.jdbc.ConnectionImpl@51aaa9d4"}
{"@timestamp":"2024-09-26T18:41:04.9788027+05:30","logger_name":"com.zaxxer.hikari.HikariDataSource","level":"INFO","message":"HikariPool-1 - Start completed."}
{"@timestamp":"2024-09-26T18:41:04.9797811+05:30","logger_name":"com.zaxxer.hikari.HikariDataSource","level":"INFO","message":"HikariPool-1 - Start completed."}
{"@timestamp":"2024-09-26T18:41:05.2859609+05:30","logger_name":"org.hibernate.orm.deprecation","level":"WARN","message":"HHH90000025: MySQL8Dialect does not need to be specified explicitly using 'hibernate.dialect' (remove the property setting and it will be selected by default)"}
{"@timestamp":"2024-09-26T18:41:05.3128902+05:30","logger_name":"org.hibernate.orm.deprecation","level":"WARN","message":"HHH90000026: MySQL8Dialect has been deprecated; use org.hibernate.dialect.MySQLDialect instead"}
{"@timestamp":"2024-09-26T18:41:05.3388187+05:30","logger_name":"org.hibernate.orm.deprecation","level":"WARN","message":"HHH90000025: MySQL8Dialect does not need to be specified explicitly using 'hibernate.dialect' (remove the property setting and it will be selected by default)"}
{"@timestamp":"2024-09-26T18:41:05.3448043+05:30","logger_name":"org.hibernate.orm.deprecation","level":"WARN","message":"HHH90000026: MySQL8Dialect has been deprecated; use org.hibernate.dialect.MySQLDialect instead"}
{"@timestamp":"2024-09-26T18:41:08.4644595+05:30","logger_name":"org.hibernate.engine.transaction.jta.platform.internal.JtaPlatformInitiator","level":"INFO","message":"HHH000489: No JTA platform available (set 'hibernate.transaction.jta.platform' to enable JTA platform integration)"}
{"@timestamp":"2024-09-26T18:41:08.4644595+05:30","logger_name":"org.hibernate.engine.transaction.jta.platform.internal.JtaPlatformInitiator","level":"INFO","message":"HHH000489: No JTA platform available (set 'hibernate.transaction.jta.platform' to enable JTA platform integration)"}
{"@timestamp":"2024-09-26T18:41:08.7397313+05:30","logger_name":"org.springframework.orm.jpa.LocalContainerEntityManagerFactoryBean","level":"INFO","message":"Initialized JPA EntityManagerFactory for persistence unit 'default'"}
{"@timestamp":"2024-09-26T18:41:08.741719+05:30","logger_name":"org.springframework.orm.jpa.LocalContainerEntityManagerFactoryBean","level":"INFO","message":"Initialized JPA EntityManagerFactory for persistence unit 'default'"}
{"@timestamp":"2024-09-26T18:41:10.4870495+05:30","logger_name":"org.springframework.boot.autoconfigure.orm.jpa.JpaBaseConfiguration$JpaWebConfiguration","level":"WARN","message":"spring.jpa.open-in-view is enabled by default. Therefore, database queries may be performed during view rendering. Explicitly configure spring.jpa.open-in-view to disable this warning"}
{"@timestamp":"2024-09-26T18:41:10.593764+05:30","logger_name":"org.springframework.boot.autoconfigure.orm.jpa.JpaBaseConfiguration$JpaWebConfiguration","level":"WARN","message":"spring.jpa.open-in-view is enabled by default. Therefore, database queries may be performed during view rendering. Explicitly configure spring.jpa.open-in-view to disable this warning"}
{"@timestamp":"2024-09-26T18:41:13.0442125+05:30","logger_name":"org.springframework.boot.actuate.endpoint.web.EndpointLinksResolver","level":"INFO","message":"Exposing 14 endpoints beneath base path '/check'"}
{"@timestamp":"2024-09-26T18:41:13.0850999+05:30","logger_name":"org.springframework.boot.actuate.endpoint.web.EndpointLinksResolver","level":"INFO","message":"Exposing 14 endpoints beneath base path '/check'"}
{"@timestamp":"2024-09-26T18:41:13.3055113+05:30","logger_name":"org.apache.coyote.http11.Http11NioProtocol","level":"INFO","message":"Starting ProtocolHandler [\"http-nio-8080\"]"}
{"@timestamp":"2024-09-26T18:41:13.3513873+05:30","logger_name":"org.apache.coyote.http11.Http11NioProtocol","level":"INFO","message":"Starting ProtocolHandler [\"http-nio-8080\"]"}
{"@timestamp":"2024-09-26T18:41:13.3663484+05:30","logger_name":"org.springframework.boot.web.servlet.context.AnnotationConfigServletWebServerApplicationContext","level":"WARN","message":"Exception encountered during context initialization - cancelling refresh attempt: org.springframework.context.ApplicationContextException: Failed to start bean 'webServerStartStop'"}
{"@timestamp":"2024-09-26T18:41:13.3703376+05:30","logger_name":"org.springframework.orm.jpa.LocalContainerEntityManagerFactoryBean","level":"INFO","message":"Closing JPA EntityManagerFactory for persistence unit 'default'"}
{"@timestamp":"2024-09-26T18:41:13.3773186+05:30","logger_name":"com.zaxxer.hikari.HikariDataSource","level":"INFO","message":"HikariPool-1 - Shutdown initiated..."}
{"@timestamp":"2024-09-26T18:41:13.3833527+05:30","logger_name":"org.springframework.boot.web.embedded.tomcat.TomcatWebServer","level":"INFO","message":"Tomcat started on port 8080 (http) with context path '/'"}
{"@timestamp":"2024-09-26T18:41:13.4242379+05:30","logger_name":"com.zaxxer.hikari.HikariDataSource","level":"INFO","message":"HikariPool-1 - Shutdown completed."}
{"@timestamp":"2024-09-26T18:41:13.4381558+05:30","logger_name":"com.ecom.prodcut.ProductServiceApplication","level":"INFO","message":"Started ProductServiceApplication in 21.824 seconds (process running for 24.891)"}
{"@timestamp":"2024-09-26T18:41:13.486037+05:30","logger_name":"org.springframework.boot.autoconfigure.logging.ConditionEvaluationReportLogger","level":"INFO","message":"\r\n\r\nError starting ApplicationContext. To display the condition evaluation report re-run your application with 'debug' enabled."}
{"@timestamp":"2024-09-26T18:41:13.5389118+05:30","logger_name":"org.springframework.boot.diagnostics.LoggingFailureAnalysisReporter","level":"ERROR","message":"\r\n\r\n***************************\r\nAPPLICATION FAILED TO START\r\n***************************\r\n\r\nDescription:\r\n\r\nWeb server failed to start. Port 8080 was already in use.\r\n\r\nAction:\r\n\r\nIdentify and stop the process that's listening on port 8080 or configure this application to listen on another port.\r\n"}
{"@timestamp":"2024-09-26T18:41:14.7432577+05:30","logger_name":"org.apache.catalina.core.ContainerBase.[Tomcat].[localhost].[/]","level":"INFO","message":"Initializing Spring DispatcherServlet 'dispatcherServlet'"}
{"@timestamp":"2024-09-26T18:41:14.7446353+05:30","logger_name":"org.springframework.web.servlet.DispatcherServlet","level":"INFO","message":"Initializing Servlet 'dispatcherServlet'"}
{"@timestamp":"2024-09-26T18:41:14.7502377+05:30","logger_name":"org.springframework.web.servlet.DispatcherServlet","level":"INFO","message":"Completed initialization in 5 ms"}
