{"@timestamp":"2024-09-26T19:53:05.4912694+05:30","logger_name":"org.springframework.boot.admin.SpringApplicationAdminMXBeanRegistrar$SpringApplicationAdmin","level":"INFO","message":"Application shutdown requested."}
{"@timestamp":"2024-09-26T19:53:06.2488+05:30","logger_name":"org.apache.coyote.http11.Http11NioProtocol","level":"INFO","message":"Stopping ProtocolHandler [\"http-nio-8080\"]"}
{"@timestamp":"2024-09-26T19:53:06.5983149+05:30","logger_name":"org.springframework.orm.jpa.LocalContainerEntityManagerFactoryBean","level":"INFO","message":"Closing JPA EntityManagerFactory for persistence unit 'default'"}
{"@timestamp":"2024-09-26T19:53:06.747817+05:30","logger_name":"com.zaxxer.hikari.HikariDataSource","level":"INFO","message":"HikariPool-1 - Shutdown initiated..."}
{"@timestamp":"2024-09-26T19:53:07.4671744+05:30","logger_name":"com.zaxxer.hikari.HikariDataSource","level":"INFO","message":"HikariPool-1 - Shutdown completed."}
{"@timestamp":"2024-09-26T19:53:43.2060099+05:30","logger_name":"com.ecom.prodcut.ProductServiceApplication","level":"INFO","message":"Starting ProductServiceApplication using Java 17.0.11 with PID 13988 (E:\\CV2_Project\\product-service\\target\\classes started by HP in E:\\CV2_Project\\product-service)"}
{"@timestamp":"2024-09-26T19:53:43.2277897+05:30","logger_name":"com.ecom.prodcut.ProductServiceApplication","level":"INFO","message":"No active profile set, falling back to 1 default profile: \"default\""}
{"@timestamp":"2024-09-26T19:53:45.5523671+05:30","logger_name":"org.springframework.data.repository.config.RepositoryConfigurationDelegate","level":"INFO","message":"Bootstrapping Spring Data JPA repositories in DEFAULT mode."}
{"@timestamp":"2024-09-26T19:53:45.6608829+05:30","logger_name":"org.springframework.data.repository.config.RepositoryConfigurationDelegate","level":"INFO","message":"Finished Spring Data repository scanning in 90 ms. Found 1 JPA repository interface."}
{"@timestamp":"2024-09-26T19:53:47.8869576+05:30","logger_name":"org.springframework.boot.web.embedded.tomcat.TomcatWebServer","level":"INFO","message":"Tomcat initialized with port 8080 (http)"}
{"@timestamp":"2024-09-26T19:53:47.9251316+05:30","logger_name":"org.apache.coyote.http11.Http11NioProtocol","level":"INFO","message":"Initializing ProtocolHandler [\"http-nio-8080\"]"}
{"@timestamp":"2024-09-26T19:53:47.9360885+05:30","logger_name":"org.apache.catalina.core.StandardService","level":"INFO","message":"Starting service [Tomcat]"}
{"@timestamp":"2024-09-26T19:53:47.9371494+05:30","logger_name":"org.apache.catalina.core.StandardEngine","level":"INFO","message":"Starting Servlet engine: [Apache Tomcat/10.1.30]"}
{"@timestamp":"2024-09-26T19:53:48.270803+05:30","logger_name":"org.apache.catalina.core.ContainerBase.[Tomcat].[localhost].[/]","level":"INFO","message":"Initializing Spring embedded WebApplicationContext"}
{"@timestamp":"2024-09-26T19:53:48.2727903+05:30","logger_name":"org.springframework.boot.web.servlet.context.ServletWebServerApplicationContext","level":"INFO","message":"Root WebApplicationContext: initialization completed in 4962 ms"}
{"@timestamp":"2024-09-26T19:53:49.2759588+05:30","logger_name":"org.hibernate.jpa.internal.util.LogHelper","level":"INFO","message":"HHH000204: Processing PersistenceUnitInfo [name: default]"}
{"@timestamp":"2024-09-26T19:53:49.4534742+05:30","logger_name":"org.hibernate.Version","level":"INFO","message":"HHH000412: Hibernate ORM core version 6.5.3.Final"}
{"@timestamp":"2024-09-26T19:53:49.8994896+05:30","logger_name":"org.hibernate.cache.internal.RegionFactoryInitiator","level":"INFO","message":"HHH000026: Second-level cache disabled"}
{"@timestamp":"2024-09-26T19:53:52.4839338+05:30","logger_name":"org.springframework.orm.jpa.persistenceunit.SpringPersistenceUnitInfo","level":"INFO","message":"No LoadTimeWeaver setup: ignoring JPA class transformer"}
{"@timestamp":"2024-09-26T19:53:52.6909911+05:30","logger_name":"com.zaxxer.hikari.HikariDataSource","level":"INFO","message":"HikariPool-1 - Starting..."}
{"@timestamp":"2024-09-26T19:53:53.7347993+05:30","logger_name":"com.zaxxer.hikari.pool.HikariPool","level":"INFO","message":"HikariPool-1 - Added connection com.mysql.cj.jdbc.ConnectionImpl@51aaa9d4"}
{"@timestamp":"2024-09-26T19:53:53.7467637+05:30","logger_name":"com.zaxxer.hikari.HikariDataSource","level":"INFO","message":"HikariPool-1 - Start completed."}
{"@timestamp":"2024-09-26T19:53:54.0177278+05:30","logger_name":"org.hibernate.orm.deprecation","level":"WARN","message":"HHH90000025: MySQL8Dialect does not need to be specified explicitly using 'hibernate.dialect' (remove the property setting and it will be selected by default)"}
{"@timestamp":"2024-09-26T19:53:54.0197196+05:30","logger_name":"org.hibernate.orm.deprecation","level":"WARN","message":"HHH90000026: MySQL8Dialect has been deprecated; use org.hibernate.dialect.MySQLDialect instead"}
{"@timestamp":"2024-09-26T19:53:56.8132758+05:30","logger_name":"org.hibernate.engine.transaction.jta.platform.internal.JtaPlatformInitiator","level":"INFO","message":"HHH000489: No JTA platform available (set 'hibernate.transaction.jta.platform' to enable JTA platform integration)"}
{"@timestamp":"2024-09-26T19:53:57.3057956+05:30","logger_name":"org.springframework.orm.jpa.LocalContainerEntityManagerFactoryBean","level":"INFO","message":"Initialized JPA EntityManagerFactory for persistence unit 'default'"}
{"@timestamp":"2024-09-26T19:53:58.3916694+05:30","logger_name":"org.springframework.boot.autoconfigure.orm.jpa.JpaBaseConfiguration$JpaWebConfiguration","level":"WARN","message":"spring.jpa.open-in-view is enabled by default. Therefore, database queries may be performed during view rendering. Explicitly configure spring.jpa.open-in-view to disable this warning"}
